typedef unsigned long long gomp_ull;



static inline void
gomp_loop_ull_init (struct gomp_work_share *ws, _Bool up, gomp_ull start,
      gomp_ull end, gomp_ull incr, enum gomp_schedule_type sched,
      gomp_ull chunk_size)
{
}
static _Bool
gomp_loop_ull_static_start (_Bool up, gomp_ull start, gomp_ull end,
       gomp_ull incr, gomp_ull chunk_size,
       gomp_ull *istart, gomp_ull *iend)
{
}

static _Bool
gomp_loop_ull_dynamic_start (_Bool up, gomp_ull start, gomp_ull end,
        gomp_ull incr, gomp_ull chunk_size,
        gomp_ull *istart, gomp_ull *iend)
{
}

static _Bool
gomp_loop_ull_guided_start (_Bool up, gomp_ull start, gomp_ull end,
       gomp_ull incr, gomp_ull chunk_size,
       gomp_ull *istart, gomp_ull *iend)
{
}

_Bool
GOMP_loop_ull_runtime_start (_Bool up, gomp_ull start, gomp_ull end,
        gomp_ull incr, gomp_ull *istart, gomp_ull *iend)
{
}




static _Bool
gomp_loop_ull_ordered_static_start (_Bool up, gomp_ull start, gomp_ull end,
        gomp_ull incr, gomp_ull chunk_size,
        gomp_ull *istart, gomp_ull *iend)
{
}

static _Bool
gomp_loop_ull_ordered_dynamic_start (_Bool up, gomp_ull start, gomp_ull end,
         gomp_ull incr, gomp_ull chunk_size,
         gomp_ull *istart, gomp_ull *iend)
{
}

static _Bool
gomp_loop_ull_ordered_guided_start (_Bool up, gomp_ull start, gomp_ull end,
        gomp_ull incr, gomp_ull chunk_size,
        gomp_ull *istart, gomp_ull *iend)
{
}

_Bool
GOMP_loop_ull_ordered_runtime_start (_Bool up, gomp_ull start, gomp_ull end,
         gomp_ull incr, gomp_ull *istart,
         gomp_ull *iend)
{
}







static _Bool
gomp_loop_ull_doacross_static_start (unsigned ncounts, gomp_ull *counts,
         gomp_ull chunk_size, gomp_ull *istart,
         gomp_ull *iend)
{
}

static _Bool
gomp_loop_ull_doacross_dynamic_start (unsigned ncounts, gomp_ull *counts,
          gomp_ull chunk_size, gomp_ull *istart,
          gomp_ull *iend)
{
}

static _Bool
gomp_loop_ull_doacross_guided_start (unsigned ncounts, gomp_ull *counts,
         gomp_ull chunk_size, gomp_ull *istart,
         gomp_ull *iend)
{
}

_Bool
GOMP_loop_ull_doacross_runtime_start (unsigned ncounts, gomp_ull *counts,
          gomp_ull *istart, gomp_ull *iend)
{
}
static _Bool
gomp_loop_ull_static_next (gomp_ull *istart, gomp_ull *iend)
{
}

static _Bool
gomp_loop_ull_dynamic_next (gomp_ull *istart, gomp_ull *iend)
{
}

static _Bool
gomp_loop_ull_guided_next (gomp_ull *istart, gomp_ull *iend)
{
}

_Bool
GOMP_loop_ull_runtime_next (gomp_ull *istart, gomp_ull *iend)
{
}
static _Bool
gomp_loop_ull_ordered_static_next (gomp_ull *istart, gomp_ull *iend)
{
}

static _Bool
gomp_loop_ull_ordered_dynamic_next (gomp_ull *istart, gomp_ull *iend)
{
}

static _Bool
gomp_loop_ull_ordered_guided_next (gomp_ull *istart, gomp_ull *iend)
{
}

_Bool
GOMP_loop_ull_ordered_runtime_next (gomp_ull *istart, gomp_ull *iend)
{
}
_Bool
GOMP_loop_ull_static_start (_Bool up, gomp_ull start, gomp_ull end,
       gomp_ull incr, gomp_ull chunk_size,
       gomp_ull *istart, gomp_ull *iend)
{
}

_Bool
GOMP_loop_ull_dynamic_start (_Bool up, gomp_ull start, gomp_ull end,
        gomp_ull incr, gomp_ull chunk_size,
        gomp_ull *istart, gomp_ull *iend)
{
}

_Bool
GOMP_loop_ull_guided_start (_Bool up, gomp_ull start, gomp_ull end,
       gomp_ull incr, gomp_ull chunk_size,
       gomp_ull *istart, gomp_ull *iend)
{
}

_Bool
GOMP_loop_ull_nonmonotonic_dynamic_start (_Bool up, gomp_ull start,
       gomp_ull end, gomp_ull incr,
       gomp_ull chunk_size,
       gomp_ull *istart, gomp_ull *iend)
{
}

_Bool
GOMP_loop_ull_nonmonotonic_guided_start (_Bool up, gomp_ull start, gomp_ull end,
      gomp_ull incr, gomp_ull chunk_size,
      gomp_ull *istart, gomp_ull *iend)
{
}

_Bool
GOMP_loop_ull_ordered_static_start (_Bool up, gomp_ull start, gomp_ull end,
        gomp_ull incr, gomp_ull chunk_size,
        gomp_ull *istart, gomp_ull *iend)
{
}

_Bool
GOMP_loop_ull_ordered_dynamic_start (_Bool up, gomp_ull start, gomp_ull end,
         gomp_ull incr, gomp_ull chunk_size,
         gomp_ull *istart, gomp_ull *iend)
{
}

_Bool
GOMP_loop_ull_ordered_guided_start (_Bool up, gomp_ull start, gomp_ull end,
        gomp_ull incr, gomp_ull chunk_size,
        gomp_ull *istart, gomp_ull *iend)
{
}

_Bool
GOMP_loop_ull_doacross_static_start (unsigned ncounts, gomp_ull *counts,
         gomp_ull chunk_size, gomp_ull *istart,
         gomp_ull *iend)
{
}

_Bool
GOMP_loop_ull_doacross_dynamic_start (unsigned ncounts, gomp_ull *counts,
          gomp_ull chunk_size, gomp_ull *istart,
          gomp_ull *iend)
{
}

_Bool
GOMP_loop_ull_doacross_guided_start (unsigned ncounts, gomp_ull *counts,
         gomp_ull chunk_size, gomp_ull *istart,
         gomp_ull *iend)
{
}

_Bool
GOMP_loop_ull_static_next (gomp_ull *istart, gomp_ull *iend)
{
}

_Bool
GOMP_loop_ull_dynamic_next (gomp_ull *istart, gomp_ull *iend)
{
}

_Bool
GOMP_loop_ull_guided_next (gomp_ull *istart, gomp_ull *iend)
{
}

_Bool
GOMP_loop_ull_nonmonotonic_dynamic_next (gomp_ull *istart, gomp_ull *iend)
{
}

_Bool
GOMP_loop_ull_nonmonotonic_guided_next (gomp_ull *istart, gomp_ull *iend)
{
}

_Bool
GOMP_loop_ull_ordered_static_next (gomp_ull *istart, gomp_ull *iend)
{
}

_Bool
GOMP_loop_ull_ordered_dynamic_next (gomp_ull *istart, gomp_ull *iend)
{
}

_Bool
GOMP_loop_ull_ordered_guided_next (gomp_ull *istart, gomp_ull *iend)
{
}
