void
gomp_ordered_first (void)
{
}
void
gomp_ordered_last (void)
{
}
void
gomp_ordered_next (void)
{
}





void
gomp_ordered_static_init (void)
{
}







void
gomp_ordered_static_next (void)
{
}





void
gomp_ordered_sync (void)
{
}
void
GOMP_ordered_start (void)
{
}
void
GOMP_ordered_end (void)
{
}





void
gomp_doacross_init (unsigned ncounts, long *counts, long chunk_size)
{
}



void
GOMP_doacross_post (long *counts)
{
}



void
GOMP_doacross_wait (long first, ...)
{
}

typedef unsigned long long gomp_ull;

void
gomp_doacross_ull_init (unsigned ncounts, gomp_ull *counts, gomp_ull chunk_size)
{
}



void
GOMP_doacross_ull_post (gomp_ull *counts)
{
}



void
GOMP_doacross_ull_wait (gomp_ull first, ...)
{
}
