unsigned
gomp_resolve_num_threads (unsigned specified, unsigned count)
{
}

void
GOMP_parallel_start (void (*fn) (void *), void *data, unsigned num_threads)
{
}

void
GOMP_parallel_end (void)
{
}

void
GOMP_parallel (void (*fn) (void *), void *data, unsigned num_threads, unsigned int flags)
{
}

_Bool
GOMP_cancellation_point (int which)
{
}

_Bool
GOMP_cancel (int which, _Bool do_cancel)
{
}



int
omp_get_num_threads (void)
{
}

int
omp_get_thread_num (void)
{
}





int
omp_in_parallel (void)
{
}

int
omp_get_level (void)
{
}

int
omp_get_ancestor_thread_num (int level)
{
}

int
omp_get_team_size (int level)
{
}

int
omp_get_active_level (void)
{
}

